[0.084s] DEBUG:colcon:Command line arguments: ['/usr/bin/colcon', 'build']
[0.084s] DEBUG:colcon:Parsed command line arguments: Namespace(log_base=None, log_level=None, verb_name='build', build_base='build', install_base='install', merge_install=False, symlink_install=False, test_result_base=None, continue_on_error=False, executor='parallel', parallel_workers=22, event_handlers=None, ignore_user_meta=False, metas=['./colcon.meta'], base_paths=['.'], packages_ignore=None, packages_ignore_regex=None, paths=None, packages_up_to=None, packages_up_to_regex=None, packages_above=None, packages_above_and_dependencies=None, packages_above_depth=None, packages_select_by_dep=None, packages_skip_by_dep=None, packages_skip_up_to=None, packages_select_build_failed=False, packages_skip_build_finished=False, packages_select_test_failures=False, packages_skip_test_passed=False, packages_select=None, packages_skip=None, packages_select_regex=None, packages_skip_regex=None, packages_start=None, packages_end=None, allow_overriding=[], cmake_args=None, cmake_target=None, cmake_target_skip_unavailable=False, cmake_clean_cache=False, cmake_clean_first=False, cmake_force_configure=False, ament_cmake_args=None, catkin_cmake_args=None, catkin_skip_building_tests=False, mixin_files=None, mixin=None, verb_parser=<colcon_mixin.mixin.mixin_argument.MixinArgumentDecorator object at 0x72c867d08c10>, verb_extension=<colcon_core.verb.build.BuildVerb object at 0x72c867d08550>, main=<bound method BuildVerb.main of <colcon_core.verb.build.BuildVerb object at 0x72c867d08550>>, mixin_verb=('build',))
[0.110s] Level 1:colcon.colcon_core.package_discovery:discover_packages(colcon_meta) check parameters
[0.110s] Level 1:colcon.colcon_core.package_discovery:discover_packages(recursive) check parameters
[0.110s] Level 1:colcon.colcon_core.package_discovery:discover_packages(ignore) check parameters
[0.110s] Level 1:colcon.colcon_core.package_discovery:discover_packages(path) check parameters
[0.110s] Level 1:colcon.colcon_core.package_discovery:discover_packages(colcon_meta) discover
[0.110s] Level 1:colcon.colcon_core.package_discovery:discover_packages(recursive) discover
[0.110s] INFO:colcon.colcon_core.package_discovery:Crawling recursively for packages in '/home/ryookamura3/awsim_rviz_plugin'
[0.110s] Level 1:colcon.colcon_core.package_identification:_identify(.) by extensions ['ignore', 'ignore_ament_install']
[0.110s] Level 1:colcon.colcon_core.package_identification:_identify(.) by extension 'ignore'
[0.110s] Level 1:colcon.colcon_core.package_identification:_identify(.) by extension 'ignore_ament_install'
[0.110s] Level 1:colcon.colcon_core.package_identification:_identify(.) by extensions ['colcon_pkg']
[0.110s] Level 1:colcon.colcon_core.package_identification:_identify(.) by extension 'colcon_pkg'
[0.110s] Level 1:colcon.colcon_core.package_identification:_identify(.) by extensions ['colcon_meta']
[0.110s] Level 1:colcon.colcon_core.package_identification:_identify(.) by extension 'colcon_meta'
[0.110s] Level 1:colcon.colcon_core.package_identification:_identify(.) by extensions ['ros']
[0.110s] Level 1:colcon.colcon_core.package_identification:_identify(.) by extension 'ros'
[0.125s] Level 1:colcon.colcon_core.package_identification:_identify(.) by extensions ['cmake', 'python']
[0.125s] Level 1:colcon.colcon_core.package_identification:_identify(.) by extension 'cmake'
[0.125s] Level 1:colcon.colcon_core.package_identification:_identify(.) by extension 'python'
[0.125s] Level 1:colcon.colcon_core.package_identification:_identify(.) by extensions ['python_setup_py']
[0.125s] Level 1:colcon.colcon_core.package_identification:_identify(.) by extension 'python_setup_py'
[0.125s] Level 1:colcon.colcon_core.package_identification:_identify(awsim_rviz_plugins) by extensions ['ignore', 'ignore_ament_install']
[0.125s] Level 1:colcon.colcon_core.package_identification:_identify(awsim_rviz_plugins) by extension 'ignore'
[0.125s] Level 1:colcon.colcon_core.package_identification:_identify(awsim_rviz_plugins) by extension 'ignore_ament_install'
[0.125s] Level 1:colcon.colcon_core.package_identification:_identify(awsim_rviz_plugins) by extensions ['colcon_pkg']
[0.125s] Level 1:colcon.colcon_core.package_identification:_identify(awsim_rviz_plugins) by extension 'colcon_pkg'
[0.125s] Level 1:colcon.colcon_core.package_identification:_identify(awsim_rviz_plugins) by extensions ['colcon_meta']
[0.125s] Level 1:colcon.colcon_core.package_identification:_identify(awsim_rviz_plugins) by extension 'colcon_meta'
[0.125s] Level 1:colcon.colcon_core.package_identification:_identify(awsim_rviz_plugins) by extensions ['ros']
[0.125s] Level 1:colcon.colcon_core.package_identification:_identify(awsim_rviz_plugins) by extension 'ros'
[0.127s] DEBUG:colcon.colcon_core.package_identification:Package 'awsim_rviz_plugins' with type 'ros.ament_cmake' and name 'awsim_rviz_plugins'
[0.127s] Level 1:colcon.colcon_core.package_identification:_identify(build) by extensions ['ignore', 'ignore_ament_install']
[0.127s] Level 1:colcon.colcon_core.package_identification:_identify(build) by extension 'ignore'
[0.127s] Level 1:colcon.colcon_core.package_identification:_identify(build) ignored
[0.127s] Level 1:colcon.colcon_core.package_identification:_identify(install) by extensions ['ignore', 'ignore_ament_install']
[0.127s] Level 1:colcon.colcon_core.package_identification:_identify(install) by extension 'ignore'
[0.127s] Level 1:colcon.colcon_core.package_identification:_identify(install) ignored
[0.127s] Level 1:colcon.colcon_core.package_identification:_identify(log) by extensions ['ignore', 'ignore_ament_install']
[0.127s] Level 1:colcon.colcon_core.package_identification:_identify(log) by extension 'ignore'
[0.127s] Level 1:colcon.colcon_core.package_identification:_identify(log) ignored
[0.127s] Level 1:colcon.colcon_core.package_discovery:discover_packages(recursive) using defaults
[0.127s] Level 1:colcon.colcon_core.package_discovery:discover_packages(ignore) discover
[0.127s] Level 1:colcon.colcon_core.package_discovery:discover_packages(ignore) using defaults
[0.127s] Level 1:colcon.colcon_core.package_discovery:discover_packages(path) discover
[0.127s] Level 1:colcon.colcon_core.package_discovery:discover_packages(path) using defaults
[0.141s] Level 1:colcon.colcon_core.package_discovery:discover_packages(prefix_path) check parameters
[0.141s] Level 1:colcon.colcon_core.package_discovery:discover_packages(prefix_path) discover
[0.156s] DEBUG:colcon.colcon_installed_package_information.package_discovery:Found 432 installed packages in /home/ryookamura3/pilot-auto.x2_v4.0.1/install
[0.157s] DEBUG:colcon.colcon_installed_package_information.package_discovery:Found 1 installed packages in /home/ryookamura3/awsim_rviz_plugin/install
[0.158s] DEBUG:colcon.colcon_installed_package_information.package_discovery:Found 365 installed packages in /opt/ros/humble
[0.165s] Level 1:colcon.colcon_core.package_discovery:discover_packages(prefix_path) using defaults
[0.208s] Level 5:colcon.colcon_core.verb:set package 'awsim_rviz_plugins' build argument 'cmake_args' from command line to 'None'
[0.208s] Level 5:colcon.colcon_core.verb:set package 'awsim_rviz_plugins' build argument 'cmake_target' from command line to 'None'
[0.208s] Level 5:colcon.colcon_core.verb:set package 'awsim_rviz_plugins' build argument 'cmake_target_skip_unavailable' from command line to 'False'
[0.208s] Level 5:colcon.colcon_core.verb:set package 'awsim_rviz_plugins' build argument 'cmake_clean_cache' from command line to 'False'
[0.208s] Level 5:colcon.colcon_core.verb:set package 'awsim_rviz_plugins' build argument 'cmake_clean_first' from command line to 'False'
[0.208s] Level 5:colcon.colcon_core.verb:set package 'awsim_rviz_plugins' build argument 'cmake_force_configure' from command line to 'False'
[0.208s] Level 5:colcon.colcon_core.verb:set package 'awsim_rviz_plugins' build argument 'ament_cmake_args' from command line to 'None'
[0.208s] Level 5:colcon.colcon_core.verb:set package 'awsim_rviz_plugins' build argument 'catkin_cmake_args' from command line to 'None'
[0.208s] Level 5:colcon.colcon_core.verb:set package 'awsim_rviz_plugins' build argument 'catkin_skip_building_tests' from command line to 'False'
[0.208s] DEBUG:colcon.colcon_core.verb:Building package 'awsim_rviz_plugins' with the following arguments: {'ament_cmake_args': None, 'build_base': '/home/ryookamura3/awsim_rviz_plugin/build/awsim_rviz_plugins', 'catkin_cmake_args': None, 'catkin_skip_building_tests': False, 'cmake_args': None, 'cmake_clean_cache': False, 'cmake_clean_first': False, 'cmake_force_configure': False, 'cmake_target': None, 'cmake_target_skip_unavailable': False, 'install_base': '/home/ryookamura3/awsim_rviz_plugin/install/awsim_rviz_plugins', 'merge_install': False, 'path': '/home/ryookamura3/awsim_rviz_plugin/awsim_rviz_plugins', 'symlink_install': False, 'test_result_base': None}
[0.209s] INFO:colcon.colcon_core.executor:Executing jobs using 'parallel' executor
[0.209s] DEBUG:colcon.colcon_parallel_executor.executor.parallel:run_until_complete
[0.209s] INFO:colcon.colcon_ros.task.ament_cmake.build:Building ROS package in '/home/ryookamura3/awsim_rviz_plugin/awsim_rviz_plugins' with build type 'ament_cmake'
[0.210s] INFO:colcon.colcon_cmake.task.cmake.build:Building CMake package in '/home/ryookamura3/awsim_rviz_plugin/awsim_rviz_plugins'
[0.215s] INFO:colcon.colcon_core.plugin_system:Skipping extension 'colcon_core.shell.bat': Not used on non-Windows systems
[0.215s] INFO:colcon.colcon_core.shell:Skip shell extension 'powershell' for command environment: Not usable outside of PowerShell
[0.215s] DEBUG:colcon.colcon_core.shell:Skip shell extension 'dsv' for command environment
[0.275s] DEBUG:colcon.colcon_core.event_handler.log_command:Invoking command in '/home/ryookamura3/awsim_rviz_plugin/build/awsim_rviz_plugins': CMAKE_PREFIX_PATH=${CMAKE_PREFIX_PATH}:/home/ryookamura3/pilot-auto.x2_v4.0.1/install/launch_pytest:/home/ryookamura3/pilot-auto.x2_v4.0.1/install/launch_testing:/home/ryookamura3/pilot-auto.x2_v4.0.1/install/launch_yaml:/home/ryookamura3/pilot-auto.x2_v4.0.1/install/launch_xml:/home/ryookamura3/pilot-auto.x2_v4.0.1/install/launch:/home/ryookamura3/pilot-auto.x2_v4.0.1/install/emergency_vehicle_detector:/home/ryookamura3/pilot-auto.x2_v4.0.1/install/ad_api_visualizers:/opt/ros/humble /usr/bin/cmake --build /home/ryookamura3/awsim_rviz_plugin/build/awsim_rviz_plugins -- -j22 -l22
[1.777s] DEBUG:colcon.colcon_core.event_handler.log_command:Invoked command in '/home/ryookamura3/awsim_rviz_plugin/build/awsim_rviz_plugins' returned '0': CMAKE_PREFIX_PATH=${CMAKE_PREFIX_PATH}:/home/ryookamura3/pilot-auto.x2_v4.0.1/install/launch_pytest:/home/ryookamura3/pilot-auto.x2_v4.0.1/install/launch_testing:/home/ryookamura3/pilot-auto.x2_v4.0.1/install/launch_yaml:/home/ryookamura3/pilot-auto.x2_v4.0.1/install/launch_xml:/home/ryookamura3/pilot-auto.x2_v4.0.1/install/launch:/home/ryookamura3/pilot-auto.x2_v4.0.1/install/emergency_vehicle_detector:/home/ryookamura3/pilot-auto.x2_v4.0.1/install/ad_api_visualizers:/opt/ros/humble /usr/bin/cmake --build /home/ryookamura3/awsim_rviz_plugin/build/awsim_rviz_plugins -- -j22 -l22
[1.820s] DEBUG:colcon.colcon_core.event_handler.log_command:Invoking command in '/home/ryookamura3/awsim_rviz_plugin/build/awsim_rviz_plugins': CMAKE_PREFIX_PATH=${CMAKE_PREFIX_PATH}:/home/ryookamura3/pilot-auto.x2_v4.0.1/install/launch_pytest:/home/ryookamura3/pilot-auto.x2_v4.0.1/install/launch_testing:/home/ryookamura3/pilot-auto.x2_v4.0.1/install/launch_yaml:/home/ryookamura3/pilot-auto.x2_v4.0.1/install/launch_xml:/home/ryookamura3/pilot-auto.x2_v4.0.1/install/launch:/home/ryookamura3/pilot-auto.x2_v4.0.1/install/emergency_vehicle_detector:/home/ryookamura3/pilot-auto.x2_v4.0.1/install/ad_api_visualizers:/opt/ros/humble /usr/bin/cmake --install /home/ryookamura3/awsim_rviz_plugin/build/awsim_rviz_plugins
[1.861s] Level 1:colcon.colcon_core.environment:create_environment_scripts_only(awsim_rviz_plugins)
[1.861s] DEBUG:colcon.colcon_core.event_handler.log_command:Invoked command in '/home/ryookamura3/awsim_rviz_plugin/build/awsim_rviz_plugins' returned '0': CMAKE_PREFIX_PATH=${CMAKE_PREFIX_PATH}:/home/ryookamura3/pilot-auto.x2_v4.0.1/install/launch_pytest:/home/ryookamura3/pilot-auto.x2_v4.0.1/install/launch_testing:/home/ryookamura3/pilot-auto.x2_v4.0.1/install/launch_yaml:/home/ryookamura3/pilot-auto.x2_v4.0.1/install/launch_xml:/home/ryookamura3/pilot-auto.x2_v4.0.1/install/launch:/home/ryookamura3/pilot-auto.x2_v4.0.1/install/emergency_vehicle_detector:/home/ryookamura3/pilot-auto.x2_v4.0.1/install/ad_api_visualizers:/opt/ros/humble /usr/bin/cmake --install /home/ryookamura3/awsim_rviz_plugin/build/awsim_rviz_plugins
[1.863s] Level 1:colcon.colcon_core.environment:checking '/home/ryookamura3/awsim_rviz_plugin/install/awsim_rviz_plugins' for CMake module files
[1.864s] Level 1:colcon.colcon_core.environment:checking '/home/ryookamura3/awsim_rviz_plugin/install/awsim_rviz_plugins' for CMake config files
[1.864s] Level 1:colcon.colcon_core.shell:create_environment_hook('awsim_rviz_plugins', 'cmake_prefix_path')
[1.864s] INFO:colcon.colcon_core.shell:Creating environment hook '/home/ryookamura3/awsim_rviz_plugin/install/awsim_rviz_plugins/share/awsim_rviz_plugins/hook/cmake_prefix_path.ps1'
[1.864s] INFO:colcon.colcon_core.shell:Creating environment descriptor '/home/ryookamura3/awsim_rviz_plugin/install/awsim_rviz_plugins/share/awsim_rviz_plugins/hook/cmake_prefix_path.dsv'
[1.865s] INFO:colcon.colcon_core.shell:Creating environment hook '/home/ryookamura3/awsim_rviz_plugin/install/awsim_rviz_plugins/share/awsim_rviz_plugins/hook/cmake_prefix_path.sh'
[1.865s] Level 1:colcon.colcon_core.environment:checking '/home/ryookamura3/awsim_rviz_plugin/install/awsim_rviz_plugins/lib'
[1.865s] Level 1:colcon.colcon_core.shell:create_environment_hook('awsim_rviz_plugins', 'ld_library_path_lib')
[1.865s] INFO:colcon.colcon_core.shell:Creating environment hook '/home/ryookamura3/awsim_rviz_plugin/install/awsim_rviz_plugins/share/awsim_rviz_plugins/hook/ld_library_path_lib.ps1'
[1.866s] INFO:colcon.colcon_core.shell:Creating environment descriptor '/home/ryookamura3/awsim_rviz_plugin/install/awsim_rviz_plugins/share/awsim_rviz_plugins/hook/ld_library_path_lib.dsv'
[1.866s] INFO:colcon.colcon_core.shell:Creating environment hook '/home/ryookamura3/awsim_rviz_plugin/install/awsim_rviz_plugins/share/awsim_rviz_plugins/hook/ld_library_path_lib.sh'
[1.866s] Level 1:colcon.colcon_core.environment:checking '/home/ryookamura3/awsim_rviz_plugin/install/awsim_rviz_plugins/bin'
[1.866s] Level 1:colcon.colcon_core.environment:checking '/home/ryookamura3/awsim_rviz_plugin/install/awsim_rviz_plugins/lib/pkgconfig/awsim_rviz_plugins.pc'
[1.866s] Level 1:colcon.colcon_core.environment:checking '/home/ryookamura3/awsim_rviz_plugin/install/awsim_rviz_plugins/lib/python3.10/site-packages'
[1.866s] Level 1:colcon.colcon_core.environment:checking '/home/ryookamura3/awsim_rviz_plugin/install/awsim_rviz_plugins/bin'
[1.867s] INFO:colcon.colcon_core.shell:Creating package script '/home/ryookamura3/awsim_rviz_plugin/install/awsim_rviz_plugins/share/awsim_rviz_plugins/package.ps1'
[1.867s] INFO:colcon.colcon_core.shell:Creating package descriptor '/home/ryookamura3/awsim_rviz_plugin/install/awsim_rviz_plugins/share/awsim_rviz_plugins/package.dsv'
[1.867s] INFO:colcon.colcon_core.shell:Creating package script '/home/ryookamura3/awsim_rviz_plugin/install/awsim_rviz_plugins/share/awsim_rviz_plugins/package.sh'
[1.868s] INFO:colcon.colcon_core.shell:Creating package script '/home/ryookamura3/awsim_rviz_plugin/install/awsim_rviz_plugins/share/awsim_rviz_plugins/package.bash'
[1.868s] INFO:colcon.colcon_core.shell:Creating package script '/home/ryookamura3/awsim_rviz_plugin/install/awsim_rviz_plugins/share/awsim_rviz_plugins/package.zsh'
[1.869s] Level 1:colcon.colcon_core.environment:create_file_with_runtime_dependencies(/home/ryookamura3/awsim_rviz_plugin/install/awsim_rviz_plugins/share/colcon-core/packages/awsim_rviz_plugins)
[1.869s] Level 1:colcon.colcon_core.environment:create_environment_scripts_only(awsim_rviz_plugins)
[1.869s] Level 1:colcon.colcon_core.environment:checking '/home/ryookamura3/awsim_rviz_plugin/install/awsim_rviz_plugins' for CMake module files
[1.869s] Level 1:colcon.colcon_core.environment:checking '/home/ryookamura3/awsim_rviz_plugin/install/awsim_rviz_plugins' for CMake config files
[1.869s] Level 1:colcon.colcon_core.shell:create_environment_hook('awsim_rviz_plugins', 'cmake_prefix_path')
[1.869s] INFO:colcon.colcon_core.shell:Creating environment hook '/home/ryookamura3/awsim_rviz_plugin/install/awsim_rviz_plugins/share/awsim_rviz_plugins/hook/cmake_prefix_path.ps1'
[1.870s] INFO:colcon.colcon_core.shell:Creating environment descriptor '/home/ryookamura3/awsim_rviz_plugin/install/awsim_rviz_plugins/share/awsim_rviz_plugins/hook/cmake_prefix_path.dsv'
[1.870s] INFO:colcon.colcon_core.shell:Creating environment hook '/home/ryookamura3/awsim_rviz_plugin/install/awsim_rviz_plugins/share/awsim_rviz_plugins/hook/cmake_prefix_path.sh'
[1.870s] Level 1:colcon.colcon_core.environment:checking '/home/ryookamura3/awsim_rviz_plugin/install/awsim_rviz_plugins/lib'
[1.870s] Level 1:colcon.colcon_core.shell:create_environment_hook('awsim_rviz_plugins', 'ld_library_path_lib')
[1.870s] INFO:colcon.colcon_core.shell:Creating environment hook '/home/ryookamura3/awsim_rviz_plugin/install/awsim_rviz_plugins/share/awsim_rviz_plugins/hook/ld_library_path_lib.ps1'
[1.871s] INFO:colcon.colcon_core.shell:Creating environment descriptor '/home/ryookamura3/awsim_rviz_plugin/install/awsim_rviz_plugins/share/awsim_rviz_plugins/hook/ld_library_path_lib.dsv'
[1.871s] INFO:colcon.colcon_core.shell:Creating environment hook '/home/ryookamura3/awsim_rviz_plugin/install/awsim_rviz_plugins/share/awsim_rviz_plugins/hook/ld_library_path_lib.sh'
[1.871s] Level 1:colcon.colcon_core.environment:checking '/home/ryookamura3/awsim_rviz_plugin/install/awsim_rviz_plugins/bin'
[1.871s] Level 1:colcon.colcon_core.environment:checking '/home/ryookamura3/awsim_rviz_plugin/install/awsim_rviz_plugins/lib/pkgconfig/awsim_rviz_plugins.pc'
[1.871s] Level 1:colcon.colcon_core.environment:checking '/home/ryookamura3/awsim_rviz_plugin/install/awsim_rviz_plugins/lib/python3.10/site-packages'
[1.871s] Level 1:colcon.colcon_core.environment:checking '/home/ryookamura3/awsim_rviz_plugin/install/awsim_rviz_plugins/bin'
[1.871s] INFO:colcon.colcon_core.shell:Creating package script '/home/ryookamura3/awsim_rviz_plugin/install/awsim_rviz_plugins/share/awsim_rviz_plugins/package.ps1'
[1.872s] INFO:colcon.colcon_core.shell:Creating package descriptor '/home/ryookamura3/awsim_rviz_plugin/install/awsim_rviz_plugins/share/awsim_rviz_plugins/package.dsv'
[1.872s] INFO:colcon.colcon_core.shell:Creating package script '/home/ryookamura3/awsim_rviz_plugin/install/awsim_rviz_plugins/share/awsim_rviz_plugins/package.sh'
[1.872s] INFO:colcon.colcon_core.shell:Creating package script '/home/ryookamura3/awsim_rviz_plugin/install/awsim_rviz_plugins/share/awsim_rviz_plugins/package.bash'
[1.872s] INFO:colcon.colcon_core.shell:Creating package script '/home/ryookamura3/awsim_rviz_plugin/install/awsim_rviz_plugins/share/awsim_rviz_plugins/package.zsh'
[1.873s] Level 1:colcon.colcon_core.environment:create_file_with_runtime_dependencies(/home/ryookamura3/awsim_rviz_plugin/install/awsim_rviz_plugins/share/colcon-core/packages/awsim_rviz_plugins)
[1.873s] DEBUG:colcon.colcon_parallel_executor.executor.parallel:closing loop
[1.873s] DEBUG:colcon.colcon_parallel_executor.executor.parallel:loop closed
[1.873s] DEBUG:colcon.colcon_parallel_executor.executor.parallel:run_until_complete finished with '0'
[1.873s] DEBUG:colcon.colcon_core.event_reactor:joining thread
[1.891s] INFO:colcon.colcon_core.plugin_system:Skipping extension 'colcon_notification.desktop_notification.terminal_notifier': Not used on non-Darwin systems
[1.891s] INFO:colcon.colcon_core.plugin_system:Skipping extension 'colcon_notification.desktop_notification.win32': Not used on non-Windows systems
[1.891s] INFO:colcon.colcon_notification.desktop_notification:Sending desktop notification using 'notify2'
[1.905s] DEBUG:colcon.colcon_core.event_reactor:joined thread
[1.905s] INFO:colcon.colcon_core.shell:Creating prefix script '/home/ryookamura3/awsim_rviz_plugin/install/local_setup.ps1'
[1.907s] INFO:colcon.colcon_core.shell:Creating prefix util module '/home/ryookamura3/awsim_rviz_plugin/install/_local_setup_util_ps1.py'
[1.909s] INFO:colcon.colcon_core.shell:Creating prefix chain script '/home/ryookamura3/awsim_rviz_plugin/install/setup.ps1'
[1.923s] INFO:colcon.colcon_core.shell:Creating prefix script '/home/ryookamura3/awsim_rviz_plugin/install/local_setup.sh'
[1.923s] INFO:colcon.colcon_core.shell:Creating prefix util module '/home/ryookamura3/awsim_rviz_plugin/install/_local_setup_util_sh.py'
[1.924s] INFO:colcon.colcon_core.shell:Creating prefix chain script '/home/ryookamura3/awsim_rviz_plugin/install/setup.sh'
[1.933s] INFO:colcon.colcon_core.shell:Creating prefix script '/home/ryookamura3/awsim_rviz_plugin/install/local_setup.bash'
[1.933s] INFO:colcon.colcon_core.shell:Creating prefix chain script '/home/ryookamura3/awsim_rviz_plugin/install/setup.bash'
[1.942s] INFO:colcon.colcon_core.shell:Creating prefix script '/home/ryookamura3/awsim_rviz_plugin/install/local_setup.zsh'
[1.942s] INFO:colcon.colcon_core.shell:Creating prefix chain script '/home/ryookamura3/awsim_rviz_plugin/install/setup.zsh'
