[0.049s] Invoking command in '/home/ryookamura3/awsim_rviz_plugin/build/awsim_rviz_plugins': CMAKE_PREFIX_PATH=${CMAKE_PREFIX_PATH}:/home/ryookamura3/pilot-auto.x2_v4.0.1/install/launch_pytest:/home/ryookamura3/pilot-auto.x2_v4.0.1/install/launch_testing:/home/ryookamura3/pilot-auto.x2_v4.0.1/install/launch_yaml:/home/ryookamura3/pilot-auto.x2_v4.0.1/install/launch_xml:/home/ryookamura3/pilot-auto.x2_v4.0.1/install/launch:/home/ryookamura3/pilot-auto.x2_v4.0.1/install/emergency_vehicle_detector:/home/ryookamura3/pilot-auto.x2_v4.0.1/install/ad_api_visualizers:/opt/ros/humble /usr/bin/cmake /home/ryookamura3/awsim_rviz_plugin/awsim_rviz_plugins -DCMAKE_INSTALL_PREFIX=/home/ryookamura3/awsim_rviz_plugin/install/awsim_rviz_plugins
[0.317s] -- The C compiler identification is GNU 11.4.0
[0.468s] -- The CXX compiler identification is GNU 11.4.0
[0.506s] -- Detecting C compiler ABI info
[0.748s] -- Detecting C compiler ABI info - done
[0.754s] -- Check for working C compiler: /usr/lib/ccache/gcc - skipped
[0.755s] -- Detecting C compile features
[0.756s] -- Detecting C compile features - done
[0.758s] -- Detecting CXX compiler ABI info
[1.002s] -- Detecting CXX compiler ABI info - done
[1.007s] -- Check for working CXX compiler: /usr/lib/ccache/g++ - skipped
[1.007s] -- Detecting CXX compile features
[1.007s] -- Detecting CXX compile features - done
[1.008s] -- Enabling tests requiring a display
[1.039s] -- Found rviz_common: 11.2.16 (/opt/ros/humble/share/rviz_common/cmake)
[1.659s] -- Found Python3: /usr/bin/python3.10 (found version "3.10.12") found components: Interpreter 
[1.859s] -- Setting assimp_DIR to: '/opt/ros/humble/share/rviz_assimp_vendor/cmake/../../../opt/rviz_assimp_vendor/lib/cmake/assimp-4.1'
[1.943s] -- Setting OGRE_DIR to: '/opt/ros/humble/share/rviz_ogre_vendor/cmake/../../../opt/rviz_ogre_vendor/lib/OGRE/cmake'
[1.944s] -- Found OGRE
[1.945s] --   static     : OFF
[1.945s] --   components : HLMS;MeshLodGenerator;Overlay;Paging;Property;RTShaderSystem;Terrain;Volume
[1.945s] --   plugins    : Plugin_BSPSceneManager;Plugin_OctreeSceneManager;Plugin_PCZSceneManager;Plugin_ParticleFX;RenderSystem_GL;RenderSystem_GL3Plus;Codec_STBI
[1.945s] --   media      : /opt/ros/humble/opt/rviz_ogre_vendor/share/OGRE/Media
[1.945s] -- OGRE_LIBRARIES: OgreHLMS;OgreMeshLodGenerator;OgreOverlay;OgrePaging;OgreProperty;OgreRTShaderSystem;OgreTerrain;OgreVolume;OgreMain
[1.945s] -- OGRE_LIBRARY_DIRS: /opt/ros/humble/opt/rviz_ogre_vendor/lib
[1.945s] -- OGRE_PLUGINS: Plugin_BSPSceneManager;Plugin_OctreeSceneManager;Plugin_PCZSceneManager;Plugin_ParticleFX;RenderSystem_GL;RenderSystem_GL3Plus;Codec_STBI
[1.945s] -- OGRE_PLUGIN_DIR: /opt/ros/humble/opt/rviz_ogre_vendor/lib/OGRE
[1.945s] -- rviz_ogre_vendor::OgreOverlay for IMPORTED_LOCATION_RELEASE: /opt/ros/humble/opt/rviz_ogre_vendor/lib/libOgreOverlay.so
[1.945s] -- rviz_ogre_vendor::OgreOverlay for IMPORTED_LOCATION_DEBUG: /opt/ros/humble/opt/rviz_ogre_vendor/lib/libOgreOverlay.so
[1.945s] -- rviz_ogre_vendor::OgreMain for IMPORTED_LOCATION_RELEASE: /opt/ros/humble/opt/rviz_ogre_vendor/lib/libOgreMain.so
[1.946s] -- rviz_ogre_vendor::OgreMain for IMPORTED_LOCATION_DEBUG: /opt/ros/humble/opt/rviz_ogre_vendor/lib/libOgreMain.so
[1.950s] -- Could not find freeimage library
[2.034s] -- Found ZLIB: /usr/lib/x86_64-linux-gnu/libz.so (found version "1.2.11") 
[2.054s] -- Found OpenGL: /usr/lib/x86_64-linux-gnu/libOpenGL.so   
[2.537s] -- Found X11: /usr/include   
[2.538s] -- Looking for XOpenDisplay in /usr/lib/x86_64-linux-gnu/libX11.so;/usr/lib/x86_64-linux-gnu/libXext.so
[2.792s] -- Looking for XOpenDisplay in /usr/lib/x86_64-linux-gnu/libX11.so;/usr/lib/x86_64-linux-gnu/libXext.so - found
[2.792s] -- Looking for gethostbyname
[3.034s] -- Looking for gethostbyname - found
[3.035s] -- Looking for connect
[3.260s] -- Looking for connect - found
[3.260s] -- Looking for remove
[3.506s] -- Looking for remove - found
[3.506s] -- Looking for shmat
[3.765s] -- Looking for shmat - found
[3.765s] -- Looking for IceConnectionNumber in ICE
[4.021s] -- Looking for IceConnectionNumber in ICE - found
[4.620s] -- library: /usr/lib/x86_64-linux-gnu/libcurl.so
[5.366s] -- Found rosidl_generator_c: 3.1.6 (/opt/ros/humble/share/rosidl_generator_c/cmake)
[5.421s] -- Found rosidl_adapter: 3.1.6 (/opt/ros/humble/share/rosidl_adapter/cmake)
[5.481s] -- Found rosidl_generator_cpp: 3.1.6 (/opt/ros/humble/share/rosidl_generator_cpp/cmake)
[5.573s] -- Using all available rosidl_typesupport_c: rosidl_typesupport_fastrtps_c;rosidl_typesupport_introspection_c
[5.694s] -- Using all available rosidl_typesupport_cpp: rosidl_typesupport_fastrtps_cpp;rosidl_typesupport_introspection_cpp
[6.246s] -- Found rmw_implementation_cmake: 6.1.2 (/opt/ros/humble/share/rmw_implementation_cmake/cmake)
[6.304s] -- Found rmw_cyclonedds_cpp: 1.3.4 (/opt/ros/humble/share/rmw_cyclonedds_cpp/cmake)
[6.518s] -- Using RMW implementation 'rmw_cyclonedds_cpp' as default
[6.601s] -- Looking for pthread.h
[6.853s] -- Looking for pthread.h - found
[6.854s] -- Performing Test CMAKE_HAVE_LIBC_PTHREAD
[7.077s] -- Performing Test CMAKE_HAVE_LIBC_PTHREAD - Success
[7.078s] -- Found Threads: TRUE  
[7.391s] -- Found Eigen3: TRUE (found version "3.4.0") 
[7.392s] -- Ensuring Eigen3 include directory is part of orocos-kdl CMake target
[7.881s] -- Found rviz_default_plugins: 11.2.16 (/opt/ros/humble/share/rviz_default_plugins/cmake)
[8.186s] -- Configuring done
[8.200s] -- Generating done
[8.203s] -- Build files have been written to: /home/ryookamura3/awsim_rviz_plugin/build/awsim_rviz_plugins
[8.212s] Invoked command in '/home/ryookamura3/awsim_rviz_plugin/build/awsim_rviz_plugins' returned '0': CMAKE_PREFIX_PATH=${CMAKE_PREFIX_PATH}:/home/ryookamura3/pilot-auto.x2_v4.0.1/install/launch_pytest:/home/ryookamura3/pilot-auto.x2_v4.0.1/install/launch_testing:/home/ryookamura3/pilot-auto.x2_v4.0.1/install/launch_yaml:/home/ryookamura3/pilot-auto.x2_v4.0.1/install/launch_xml:/home/ryookamura3/pilot-auto.x2_v4.0.1/install/launch:/home/ryookamura3/pilot-auto.x2_v4.0.1/install/emergency_vehicle_detector:/home/ryookamura3/pilot-auto.x2_v4.0.1/install/ad_api_visualizers:/opt/ros/humble /usr/bin/cmake /home/ryookamura3/awsim_rviz_plugin/awsim_rviz_plugins -DCMAKE_INSTALL_PREFIX=/home/ryookamura3/awsim_rviz_plugin/install/awsim_rviz_plugins
[8.215s] Invoking command in '/home/ryookamura3/awsim_rviz_plugin/build/awsim_rviz_plugins': CMAKE_PREFIX_PATH=${CMAKE_PREFIX_PATH}:/home/ryookamura3/pilot-auto.x2_v4.0.1/install/launch_pytest:/home/ryookamura3/pilot-auto.x2_v4.0.1/install/launch_testing:/home/ryookamura3/pilot-auto.x2_v4.0.1/install/launch_yaml:/home/ryookamura3/pilot-auto.x2_v4.0.1/install/launch_xml:/home/ryookamura3/pilot-auto.x2_v4.0.1/install/launch:/home/ryookamura3/pilot-auto.x2_v4.0.1/install/emergency_vehicle_detector:/home/ryookamura3/pilot-auto.x2_v4.0.1/install/ad_api_visualizers:/opt/ros/humble /usr/bin/cmake --build /home/ryookamura3/awsim_rviz_plugin/build/awsim_rviz_plugins -- -j22 -l22
[8.392s] [ 25%] [34m[1mGenerating include/set_ego_pose/moc_set_ego_pose.cpp[0m
[8.519s] [ 75%] [32mBuilding CXX object CMakeFiles/awsim_rviz_plugins.dir/include/set_ego_pose/moc_set_ego_pose.cpp.o[0m
[8.519s] [ 75%] [32mBuilding CXX object CMakeFiles/awsim_rviz_plugins.dir/src/set_ego_pose/set_ego_pose.cpp.o[0m
[8.694s] [100%] [32m[1mLinking CXX shared library libawsim_rviz_plugins.so[0m
[9.282s] [100%] Built target awsim_rviz_plugins
[9.346s] Invoked command in '/home/ryookamura3/awsim_rviz_plugin/build/awsim_rviz_plugins' returned '0': CMAKE_PREFIX_PATH=${CMAKE_PREFIX_PATH}:/home/ryookamura3/pilot-auto.x2_v4.0.1/install/launch_pytest:/home/ryookamura3/pilot-auto.x2_v4.0.1/install/launch_testing:/home/ryookamura3/pilot-auto.x2_v4.0.1/install/launch_yaml:/home/ryookamura3/pilot-auto.x2_v4.0.1/install/launch_xml:/home/ryookamura3/pilot-auto.x2_v4.0.1/install/launch:/home/ryookamura3/pilot-auto.x2_v4.0.1/install/emergency_vehicle_detector:/home/ryookamura3/pilot-auto.x2_v4.0.1/install/ad_api_visualizers:/opt/ros/humble /usr/bin/cmake --build /home/ryookamura3/awsim_rviz_plugin/build/awsim_rviz_plugins -- -j22 -l22
[9.396s] Invoking command in '/home/ryookamura3/awsim_rviz_plugin/build/awsim_rviz_plugins': CMAKE_PREFIX_PATH=${CMAKE_PREFIX_PATH}:/home/ryookamura3/pilot-auto.x2_v4.0.1/install/launch_pytest:/home/ryookamura3/pilot-auto.x2_v4.0.1/install/launch_testing:/home/ryookamura3/pilot-auto.x2_v4.0.1/install/launch_yaml:/home/ryookamura3/pilot-auto.x2_v4.0.1/install/launch_xml:/home/ryookamura3/pilot-auto.x2_v4.0.1/install/launch:/home/ryookamura3/pilot-auto.x2_v4.0.1/install/emergency_vehicle_detector:/home/ryookamura3/pilot-auto.x2_v4.0.1/install/ad_api_visualizers:/opt/ros/humble /usr/bin/cmake --install /home/ryookamura3/awsim_rviz_plugin/build/awsim_rviz_plugins
[9.442s] -- Install configuration: ""
[9.443s] -- Installing: /home/ryookamura3/awsim_rviz_plugin/install/awsim_rviz_plugins/share/awsim_rviz_plugins/plugins_description.xml
[9.443s] -- Installing: /home/ryookamura3/awsim_rviz_plugin/install/awsim_rviz_plugins/share/awsim_rviz_plugins/environment/library_path.sh
[9.443s] -- Installing: /home/ryookamura3/awsim_rviz_plugin/install/awsim_rviz_plugins/share/awsim_rviz_plugins/environment/library_path.dsv
[9.443s] -- Installing: /home/ryookamura3/awsim_rviz_plugin/install/awsim_rviz_plugins/lib/libawsim_rviz_plugins.so
[9.445s] -- Set runtime path of "/home/ryookamura3/awsim_rviz_plugin/install/awsim_rviz_plugins/lib/libawsim_rviz_plugins.so" to ""
[9.445s] -- Installing: /home/ryookamura3/awsim_rviz_plugin/install/awsim_rviz_plugins/include/awsim_rviz_plugins
[9.446s] -- Installing: /home/ryookamura3/awsim_rviz_plugin/install/awsim_rviz_plugins/include/awsim_rviz_plugins/set_ego_pose
[9.446s] -- Installing: /home/ryookamura3/awsim_rviz_plugin/install/awsim_rviz_plugins/include/awsim_rviz_plugins/set_ego_pose/set_ego_pose.hpp
[9.446s] [31mCMake Error at cmake_install.cmake:85 (file):
[9.446s]   file INSTALL cannot find
[9.446s]   "/home/ryookamura3/awsim_rviz_plugin/awsim_rviz_plugins/icons": No such
[9.447s]   file or directory.
[9.447s] 
[9.448s] [0m
[9.448s] Invoked command in '/home/ryookamura3/awsim_rviz_plugin/build/awsim_rviz_plugins' returned '1': CMAKE_PREFIX_PATH=${CMAKE_PREFIX_PATH}:/home/ryookamura3/pilot-auto.x2_v4.0.1/install/launch_pytest:/home/ryookamura3/pilot-auto.x2_v4.0.1/install/launch_testing:/home/ryookamura3/pilot-auto.x2_v4.0.1/install/launch_yaml:/home/ryookamura3/pilot-auto.x2_v4.0.1/install/launch_xml:/home/ryookamura3/pilot-auto.x2_v4.0.1/install/launch:/home/ryookamura3/pilot-auto.x2_v4.0.1/install/emergency_vehicle_detector:/home/ryookamura3/pilot-auto.x2_v4.0.1/install/ad_api_visualizers:/opt/ros/humble /usr/bin/cmake --install /home/ryookamura3/awsim_rviz_plugin/build/awsim_rviz_plugins
