-- Enabling tests requiring a display
-- Found rviz_common: 11.2.16 (/opt/ros/humble/share/rviz_common/cmake)
-- Setting assimp_DIR to: '/opt/ros/humble/share/rviz_assimp_vendor/cmake/../../../opt/rviz_assimp_vendor/lib/cmake/assimp-4.1'
-- Setting OGRE_DIR to: '/opt/ros/humble/share/rviz_ogre_vendor/cmake/../../../opt/rviz_ogre_vendor/lib/OGRE/cmake'
-- Found OGRE
--   static     : OFF
--   components : HLMS;MeshLodGenerator;Overlay;Paging;Property;RTShaderSystem;Terrain;Volume
--   plugins    : Plugin_BSPSceneManager;Plugin_OctreeSceneManager;Plugin_PCZSceneManager;Plugin_ParticleFX;RenderSystem_GL;RenderSystem_GL3Plus;Codec_STBI
--   media      : /opt/ros/humble/opt/rviz_ogre_vendor/share/OGRE/Media
-- OGRE_LIBRARIES: OgreHLMS;OgreMeshLodGenerator;OgreOverlay;OgrePaging;OgreProperty;OgreRTShaderSystem;OgreTerrain;OgreVolume;OgreMain
-- OGRE_LIBRARY_DIRS: /opt/ros/humble/opt/rviz_ogre_vendor/lib
-- OGRE_PLUGINS: Plugin_BSPSceneManager;Plugin_OctreeSceneManager;Plugin_PCZSceneManager;Plugin_ParticleFX;RenderSystem_GL;RenderSystem_GL3Plus;Codec_STBI
-- OGRE_PLUGIN_DIR: /opt/ros/humble/opt/rviz_ogre_vendor/lib/OGRE
-- rviz_ogre_vendor::OgreOverlay for IMPORTED_LOCATION_RELEASE: /opt/ros/humble/opt/rviz_ogre_vendor/lib/libOgreOverlay.so
-- rviz_ogre_vendor::OgreOverlay for IMPORTED_LOCATION_DEBUG: /opt/ros/humble/opt/rviz_ogre_vendor/lib/libOgreOverlay.so
-- rviz_ogre_vendor::OgreMain for IMPORTED_LOCATION_RELEASE: /opt/ros/humble/opt/rviz_ogre_vendor/lib/libOgreMain.so
-- rviz_ogre_vendor::OgreMain for IMPORTED_LOCATION_DEBUG: /opt/ros/humble/opt/rviz_ogre_vendor/lib/libOgreMain.so
-- Could not find freeimage library
-- library: /usr/lib/x86_64-linux-gnu/libcurl.so
-- Found rosidl_generator_c: 3.1.6 (/opt/ros/humble/share/rosidl_generator_c/cmake)
-- Found rosidl_adapter: 3.1.6 (/opt/ros/humble/share/rosidl_adapter/cmake)
-- Found rosidl_generator_cpp: 3.1.6 (/opt/ros/humble/share/rosidl_generator_cpp/cmake)
-- Using all available rosidl_typesupport_c: rosidl_typesupport_fastrtps_c;rosidl_typesupport_introspection_c
-- Using all available rosidl_typesupport_cpp: rosidl_typesupport_fastrtps_cpp;rosidl_typesupport_introspection_cpp
-- Found rmw_implementation_cmake: 6.1.2 (/opt/ros/humble/share/rmw_implementation_cmake/cmake)
-- Found rmw_cyclonedds_cpp: 1.3.4 (/opt/ros/humble/share/rmw_cyclonedds_cpp/cmake)
-- Using RMW implementation 'rmw_cyclonedds_cpp' as default
-- Ensuring Eigen3 include directory is part of orocos-kdl CMake target
-- Found rviz_default_plugins: 11.2.16 (/opt/ros/humble/share/rviz_default_plugins/cmake)
-- Configuring done
-- Generating done
-- Build files have been written to: /home/ryookamura3/awsim_rviz_plugin/build/awsim_rviz_plugins
[35m[1mConsolidate compiler generated dependencies of target awsim_rviz_plugins[0m
[100%] Built target awsim_rviz_plugins
-- Install configuration: ""
-- Up-to-date: /home/ryookamura3/awsim_rviz_plugin/install/awsim_rviz_plugins/share/awsim_rviz_plugins/plugins_description.xml
-- Up-to-date: /home/ryookamura3/awsim_rviz_plugin/install/awsim_rviz_plugins/share/awsim_rviz_plugins/environment/library_path.sh
-- Installing: /home/ryookamura3/awsim_rviz_plugin/install/awsim_rviz_plugins/share/awsim_rviz_plugins/environment/library_path.dsv
-- Up-to-date: /home/ryookamura3/awsim_rviz_plugin/install/awsim_rviz_plugins/lib/libawsim_rviz_plugins.so
-- Up-to-date: /home/ryookamura3/awsim_rviz_plugin/install/awsim_rviz_plugins/include/awsim_rviz_plugins
-- Up-to-date: /home/ryookamura3/awsim_rviz_plugin/install/awsim_rviz_plugins/include/awsim_rviz_plugins/set_ego_pose
-- Up-to-date: /home/ryookamura3/awsim_rviz_plugin/install/awsim_rviz_plugins/include/awsim_rviz_plugins/set_ego_pose/set_ego_pose.hpp
-- Installing: /home/ryookamura3/awsim_rviz_plugin/install/awsim_rviz_plugins/share/ament_index/resource_index/package_run_dependencies/awsim_rviz_plugins
-- Installing: /home/ryookamura3/awsim_rviz_plugin/install/awsim_rviz_plugins/share/ament_index/resource_index/parent_prefix_path/awsim_rviz_plugins
-- Installing: /home/ryookamura3/awsim_rviz_plugin/install/awsim_rviz_plugins/share/awsim_rviz_plugins/environment/ament_prefix_path.sh
-- Installing: /home/ryookamura3/awsim_rviz_plugin/install/awsim_rviz_plugins/share/awsim_rviz_plugins/environment/ament_prefix_path.dsv
-- Installing: /home/ryookamura3/awsim_rviz_plugin/install/awsim_rviz_plugins/share/awsim_rviz_plugins/environment/path.sh
-- Installing: /home/ryookamura3/awsim_rviz_plugin/install/awsim_rviz_plugins/share/awsim_rviz_plugins/environment/path.dsv
-- Installing: /home/ryookamura3/awsim_rviz_plugin/install/awsim_rviz_plugins/share/awsim_rviz_plugins/local_setup.bash
-- Installing: /home/ryookamura3/awsim_rviz_plugin/install/awsim_rviz_plugins/share/awsim_rviz_plugins/local_setup.sh
-- Installing: /home/ryookamura3/awsim_rviz_plugin/install/awsim_rviz_plugins/share/awsim_rviz_plugins/local_setup.zsh
-- Installing: /home/ryookamura3/awsim_rviz_plugin/install/awsim_rviz_plugins/share/awsim_rviz_plugins/local_setup.dsv
-- Installing: /home/ryookamura3/awsim_rviz_plugin/install/awsim_rviz_plugins/share/awsim_rviz_plugins/package.dsv
-- Installing: /home/ryookamura3/awsim_rviz_plugin/install/awsim_rviz_plugins/share/ament_index/resource_index/packages/awsim_rviz_plugins
-- Installing: /home/ryookamura3/awsim_rviz_plugin/install/awsim_rviz_plugins/share/ament_index/resource_index/rviz_common__pluginlib__plugin/awsim_rviz_plugins
-- Installing: /home/ryookamura3/awsim_rviz_plugin/install/awsim_rviz_plugins/share/awsim_rviz_plugins/cmake/awsim_rviz_pluginsExport.cmake
-- Installing: /home/ryookamura3/awsim_rviz_plugin/install/awsim_rviz_plugins/share/awsim_rviz_plugins/cmake/awsim_rviz_pluginsExport-noconfig.cmake
-- Installing: /home/ryookamura3/awsim_rviz_plugin/install/awsim_rviz_plugins/share/awsim_rviz_plugins/cmake/awsim_rviz_plugins-extras.cmake
-- Installing: /home/ryookamura3/awsim_rviz_plugin/install/awsim_rviz_plugins/share/awsim_rviz_plugins/cmake/ament_cmake_export_include_directories-extras.cmake
-- Installing: /home/ryookamura3/awsim_rviz_plugin/install/awsim_rviz_plugins/share/awsim_rviz_plugins/cmake/ament_cmake_export_targets-extras.cmake
-- Installing: /home/ryookamura3/awsim_rviz_plugin/install/awsim_rviz_plugins/share/awsim_rviz_plugins/cmake/ament_cmake_export_dependencies-extras.cmake
-- Installing: /home/ryookamura3/awsim_rviz_plugin/install/awsim_rviz_plugins/share/awsim_rviz_plugins/cmake/awsim_rviz_pluginsConfig.cmake
-- Installing: /home/ryookamura3/awsim_rviz_plugin/install/awsim_rviz_plugins/share/awsim_rviz_plugins/cmake/awsim_rviz_pluginsConfig-version.cmake
-- Installing: /home/ryookamura3/awsim_rviz_plugin/install/awsim_rviz_plugins/share/awsim_rviz_plugins/package.xml
