[0.065s] Invoking command in '/home/ryookamura3/awsim_rviz_plugin/build/awsim_rviz_plugins': CMAKE_PREFIX_PATH=${CMAKE_PREFIX_PATH}:/home/ryookamura3/pilot-auto.x2_v4.0.1/install/launch_pytest:/home/ryookamura3/pilot-auto.x2_v4.0.1/install/launch_testing:/home/ryookamura3/pilot-auto.x2_v4.0.1/install/launch_yaml:/home/ryookamura3/pilot-auto.x2_v4.0.1/install/launch_xml:/home/ryookamura3/pilot-auto.x2_v4.0.1/install/launch:/home/ryookamura3/pilot-auto.x2_v4.0.1/install/emergency_vehicle_detector:/home/ryookamura3/pilot-auto.x2_v4.0.1/install/ad_api_visualizers:/opt/ros/humble /usr/bin/cmake --build /home/ryookamura3/awsim_rviz_plugin/build/awsim_rviz_plugins -- -j22 -l22
[0.166s] -- Enabling tests requiring a display
[0.166s] -- Found rviz_common: 11.2.16 (/opt/ros/humble/share/rviz_common/cmake)
[0.419s] -- Setting assimp_DIR to: '/opt/ros/humble/share/rviz_assimp_vendor/cmake/../../../opt/rviz_assimp_vendor/lib/cmake/assimp-4.1'
[0.462s] -- Setting OGRE_DIR to: '/opt/ros/humble/share/rviz_ogre_vendor/cmake/../../../opt/rviz_ogre_vendor/lib/OGRE/cmake'
[0.463s] -- Found OGRE
[0.463s] --   static     : OFF
[0.463s] --   components : HLMS;MeshLodGenerator;Overlay;Paging;Property;RTShaderSystem;Terrain;Volume
[0.463s] --   plugins    : Plugin_BSPSceneManager;Plugin_OctreeSceneManager;Plugin_PCZSceneManager;Plugin_ParticleFX;RenderSystem_GL;RenderSystem_GL3Plus;Codec_STBI
[0.463s] --   media      : /opt/ros/humble/opt/rviz_ogre_vendor/share/OGRE/Media
[0.463s] -- OGRE_LIBRARIES: OgreHLMS;OgreMeshLodGenerator;OgreOverlay;OgrePaging;OgreProperty;OgreRTShaderSystem;OgreTerrain;OgreVolume;OgreMain
[0.463s] -- OGRE_LIBRARY_DIRS: /opt/ros/humble/opt/rviz_ogre_vendor/lib
[0.463s] -- OGRE_PLUGINS: Plugin_BSPSceneManager;Plugin_OctreeSceneManager;Plugin_PCZSceneManager;Plugin_ParticleFX;RenderSystem_GL;RenderSystem_GL3Plus;Codec_STBI
[0.463s] -- OGRE_PLUGIN_DIR: /opt/ros/humble/opt/rviz_ogre_vendor/lib/OGRE
[0.463s] -- rviz_ogre_vendor::OgreOverlay for IMPORTED_LOCATION_RELEASE: /opt/ros/humble/opt/rviz_ogre_vendor/lib/libOgreOverlay.so
[0.463s] -- rviz_ogre_vendor::OgreOverlay for IMPORTED_LOCATION_DEBUG: /opt/ros/humble/opt/rviz_ogre_vendor/lib/libOgreOverlay.so
[0.463s] -- rviz_ogre_vendor::OgreMain for IMPORTED_LOCATION_RELEASE: /opt/ros/humble/opt/rviz_ogre_vendor/lib/libOgreMain.so
[0.464s] -- rviz_ogre_vendor::OgreMain for IMPORTED_LOCATION_DEBUG: /opt/ros/humble/opt/rviz_ogre_vendor/lib/libOgreMain.so
[0.468s] -- Could not find freeimage library
[0.662s] -- library: /usr/lib/x86_64-linux-gnu/libcurl.so
[0.690s] -- Found rosidl_generator_c: 3.1.6 (/opt/ros/humble/share/rosidl_generator_c/cmake)
[0.691s] -- Found rosidl_adapter: 3.1.6 (/opt/ros/humble/share/rosidl_adapter/cmake)
[0.694s] -- Found rosidl_generator_cpp: 3.1.6 (/opt/ros/humble/share/rosidl_generator_cpp/cmake)
[0.758s] -- Using all available rosidl_typesupport_c: rosidl_typesupport_fastrtps_c;rosidl_typesupport_introspection_c
[0.822s] -- Using all available rosidl_typesupport_cpp: rosidl_typesupport_fastrtps_cpp;rosidl_typesupport_introspection_cpp
[0.960s] -- Found rmw_implementation_cmake: 6.1.2 (/opt/ros/humble/share/rmw_implementation_cmake/cmake)
[0.991s] -- Found rmw_cyclonedds_cpp: 1.3.4 (/opt/ros/humble/share/rmw_cyclonedds_cpp/cmake)
[1.044s] -- Using RMW implementation 'rmw_cyclonedds_cpp' as default
[1.082s] -- Ensuring Eigen3 include directory is part of orocos-kdl CMake target
[1.137s] -- Found rviz_default_plugins: 11.2.16 (/opt/ros/humble/share/rviz_default_plugins/cmake)
[1.286s] -- Configuring done
[1.306s] -- Generating done
[1.312s] -- Build files have been written to: /home/ryookamura3/awsim_rviz_plugin/build/awsim_rviz_plugins
[1.443s] [35m[1mConsolidate compiler generated dependencies of target awsim_rviz_plugins[0m
[1.508s] [100%] Built target awsim_rviz_plugins
[1.567s] Invoked command in '/home/ryookamura3/awsim_rviz_plugin/build/awsim_rviz_plugins' returned '0': CMAKE_PREFIX_PATH=${CMAKE_PREFIX_PATH}:/home/ryookamura3/pilot-auto.x2_v4.0.1/install/launch_pytest:/home/ryookamura3/pilot-auto.x2_v4.0.1/install/launch_testing:/home/ryookamura3/pilot-auto.x2_v4.0.1/install/launch_yaml:/home/ryookamura3/pilot-auto.x2_v4.0.1/install/launch_xml:/home/ryookamura3/pilot-auto.x2_v4.0.1/install/launch:/home/ryookamura3/pilot-auto.x2_v4.0.1/install/emergency_vehicle_detector:/home/ryookamura3/pilot-auto.x2_v4.0.1/install/ad_api_visualizers:/opt/ros/humble /usr/bin/cmake --build /home/ryookamura3/awsim_rviz_plugin/build/awsim_rviz_plugins -- -j22 -l22
[1.610s] Invoking command in '/home/ryookamura3/awsim_rviz_plugin/build/awsim_rviz_plugins': CMAKE_PREFIX_PATH=${CMAKE_PREFIX_PATH}:/home/ryookamura3/pilot-auto.x2_v4.0.1/install/launch_pytest:/home/ryookamura3/pilot-auto.x2_v4.0.1/install/launch_testing:/home/ryookamura3/pilot-auto.x2_v4.0.1/install/launch_yaml:/home/ryookamura3/pilot-auto.x2_v4.0.1/install/launch_xml:/home/ryookamura3/pilot-auto.x2_v4.0.1/install/launch:/home/ryookamura3/pilot-auto.x2_v4.0.1/install/emergency_vehicle_detector:/home/ryookamura3/pilot-auto.x2_v4.0.1/install/ad_api_visualizers:/opt/ros/humble /usr/bin/cmake --install /home/ryookamura3/awsim_rviz_plugin/build/awsim_rviz_plugins
[1.647s] -- Install configuration: ""
[1.647s] -- Up-to-date: /home/ryookamura3/awsim_rviz_plugin/install/awsim_rviz_plugins/share/awsim_rviz_plugins/plugins_description.xml
[1.647s] -- Up-to-date: /home/ryookamura3/awsim_rviz_plugin/install/awsim_rviz_plugins/share/awsim_rviz_plugins/environment/library_path.sh
[1.648s] -- Installing: /home/ryookamura3/awsim_rviz_plugin/install/awsim_rviz_plugins/share/awsim_rviz_plugins/environment/library_path.dsv
[1.648s] -- Up-to-date: /home/ryookamura3/awsim_rviz_plugin/install/awsim_rviz_plugins/lib/libawsim_rviz_plugins.so
[1.648s] -- Up-to-date: /home/ryookamura3/awsim_rviz_plugin/install/awsim_rviz_plugins/include/awsim_rviz_plugins
[1.648s] -- Up-to-date: /home/ryookamura3/awsim_rviz_plugin/install/awsim_rviz_plugins/include/awsim_rviz_plugins/set_ego_pose
[1.648s] -- Up-to-date: /home/ryookamura3/awsim_rviz_plugin/install/awsim_rviz_plugins/include/awsim_rviz_plugins/set_ego_pose/set_ego_pose.hpp
[1.648s] -- Installing: /home/ryookamura3/awsim_rviz_plugin/install/awsim_rviz_plugins/share/ament_index/resource_index/package_run_dependencies/awsim_rviz_plugins
[1.648s] -- Installing: /home/ryookamura3/awsim_rviz_plugin/install/awsim_rviz_plugins/share/ament_index/resource_index/parent_prefix_path/awsim_rviz_plugins
[1.648s] -- Installing: /home/ryookamura3/awsim_rviz_plugin/install/awsim_rviz_plugins/share/awsim_rviz_plugins/environment/ament_prefix_path.sh
[1.648s] -- Installing: /home/ryookamura3/awsim_rviz_plugin/install/awsim_rviz_plugins/share/awsim_rviz_plugins/environment/ament_prefix_path.dsv
[1.648s] -- Installing: /home/ryookamura3/awsim_rviz_plugin/install/awsim_rviz_plugins/share/awsim_rviz_plugins/environment/path.sh
[1.648s] -- Installing: /home/ryookamura3/awsim_rviz_plugin/install/awsim_rviz_plugins/share/awsim_rviz_plugins/environment/path.dsv
[1.648s] -- Installing: /home/ryookamura3/awsim_rviz_plugin/install/awsim_rviz_plugins/share/awsim_rviz_plugins/local_setup.bash
[1.649s] -- Installing: /home/ryookamura3/awsim_rviz_plugin/install/awsim_rviz_plugins/share/awsim_rviz_plugins/local_setup.sh
[1.649s] -- Installing: /home/ryookamura3/awsim_rviz_plugin/install/awsim_rviz_plugins/share/awsim_rviz_plugins/local_setup.zsh
[1.649s] -- Installing: /home/ryookamura3/awsim_rviz_plugin/install/awsim_rviz_plugins/share/awsim_rviz_plugins/local_setup.dsv
[1.649s] -- Installing: /home/ryookamura3/awsim_rviz_plugin/install/awsim_rviz_plugins/share/awsim_rviz_plugins/package.dsv
[1.649s] -- Installing: /home/ryookamura3/awsim_rviz_plugin/install/awsim_rviz_plugins/share/ament_index/resource_index/packages/awsim_rviz_plugins
[1.649s] -- Installing: /home/ryookamura3/awsim_rviz_plugin/install/awsim_rviz_plugins/share/ament_index/resource_index/rviz_common__pluginlib__plugin/awsim_rviz_plugins
[1.649s] -- Installing: /home/ryookamura3/awsim_rviz_plugin/install/awsim_rviz_plugins/share/awsim_rviz_plugins/cmake/awsim_rviz_pluginsExport.cmake
[1.650s] -- Installing: /home/ryookamura3/awsim_rviz_plugin/install/awsim_rviz_plugins/share/awsim_rviz_plugins/cmake/awsim_rviz_pluginsExport-noconfig.cmake
[1.650s] -- Installing: /home/ryookamura3/awsim_rviz_plugin/install/awsim_rviz_plugins/share/awsim_rviz_plugins/cmake/awsim_rviz_plugins-extras.cmake
[1.650s] -- Installing: /home/ryookamura3/awsim_rviz_plugin/install/awsim_rviz_plugins/share/awsim_rviz_plugins/cmake/ament_cmake_export_include_directories-extras.cmake
[1.650s] -- Installing: /home/ryookamura3/awsim_rviz_plugin/install/awsim_rviz_plugins/share/awsim_rviz_plugins/cmake/ament_cmake_export_targets-extras.cmake
[1.650s] -- Installing: /home/ryookamura3/awsim_rviz_plugin/install/awsim_rviz_plugins/share/awsim_rviz_plugins/cmake/ament_cmake_export_dependencies-extras.cmake
[1.650s] -- Installing: /home/ryookamura3/awsim_rviz_plugin/install/awsim_rviz_plugins/share/awsim_rviz_plugins/cmake/awsim_rviz_pluginsConfig.cmake
[1.650s] -- Installing: /home/ryookamura3/awsim_rviz_plugin/install/awsim_rviz_plugins/share/awsim_rviz_plugins/cmake/awsim_rviz_pluginsConfig-version.cmake
[1.651s] -- Installing: /home/ryookamura3/awsim_rviz_plugin/install/awsim_rviz_plugins/share/awsim_rviz_plugins/package.xml
[1.652s] Invoked command in '/home/ryookamura3/awsim_rviz_plugin/build/awsim_rviz_plugins' returned '0': CMAKE_PREFIX_PATH=${CMAKE_PREFIX_PATH}:/home/ryookamura3/pilot-auto.x2_v4.0.1/install/launch_pytest:/home/ryookamura3/pilot-auto.x2_v4.0.1/install/launch_testing:/home/ryookamura3/pilot-auto.x2_v4.0.1/install/launch_yaml:/home/ryookamura3/pilot-auto.x2_v4.0.1/install/launch_xml:/home/ryookamura3/pilot-auto.x2_v4.0.1/install/launch:/home/ryookamura3/pilot-auto.x2_v4.0.1/install/emergency_vehicle_detector:/home/ryookamura3/pilot-auto.x2_v4.0.1/install/ad_api_visualizers:/opt/ros/humble /usr/bin/cmake --install /home/ryookamura3/awsim_rviz_plugin/build/awsim_rviz_plugins
